{"D:\\Xyvin\\LMS\\backend\\models\\AuditLog.js": {"path":"D:\\Xyvin\\LMS\\backend\\models\\AuditLog.js","statementMap":{"0":{"start":{"line":1,"column":17},"end":{"line":1,"column":36}},"1":{"start":{"line":3,"column":23},"end":{"line":12,"column":1}},"2":{"start":{"line":14,"column":0},"end":{"line":14,"column":51}},"3":{"start":{"line":16,"column":0},"end":{"line":16,"column":60}}},"fnMap":{},"branchMap":{},"s":{"0":38,"1":38,"2":38,"3":38},"f":{},"b":{},"_coverageSchema":"1a1c01bbd47fc00a2c39e90264f33305004495a9","hash":"e9a4b8eb733e597a09deb1b167843d4132af129b"}
,"D:\\Xyvin\\LMS\\backend\\models\\Conversation.js": {"path":"D:\\Xyvin\\LMS\\backend\\models\\Conversation.js","statementMap":{"0":{"start":{"line":1,"column":17},"end":{"line":1,"column":36}},"1":{"start":{"line":3,"column":27},"end":{"line":26,"column":1}},"2":{"start":{"line":15,"column":10},"end":{"line":15,"column":52}},"3":{"start":{"line":28,"column":0},"end":{"line":28,"column":59}},"4":{"start":{"line":30,"column":0},"end":{"line":30,"column":68}}},"fnMap":{"0":{"name":"(anonymous_0)","decl":{"start":{"line":14,"column":19},"end":{"line":14,"column":20}},"loc":{"start":{"line":14,"column":32},"end":{"line":16,"column":9}},"line":14}},"branchMap":{"0":{"loc":{"start":{"line":15,"column":17},"end":{"line":15,"column":51}},"type":"binary-expr","locations":[{"start":{"line":15,"column":17},"end":{"line":15,"column":33}},{"start":{"line":15,"column":37},"end":{"line":15,"column":51}}],"line":15}},"s":{"0":38,"1":38,"2":19,"3":38,"4":38},"f":{"0":19},"b":{"0":[19,19]},"_coverageSchema":"1a1c01bbd47fc00a2c39e90264f33305004495a9","hash":"6807a3de0b1149f295956168b2920ff6834329ab"}
,"D:\\Xyvin\\LMS\\backend\\models\\Course.js": {"path":"D:\\Xyvin\\LMS\\backend\\models\\Course.js","statementMap":{"0":{"start":{"line":1,"column":17},"end":{"line":1,"column":36}},"1":{"start":{"line":3,"column":21},"end":{"line":11,"column":1}},"2":{"start":{"line":13,"column":23},"end":{"line":20,"column":1}},"3":{"start":{"line":22,"column":21},"end":{"line":33,"column":1}},"4":{"start":{"line":35,"column":0},"end":{"line":35,"column":56}}},"fnMap":{},"branchMap":{},"s":{"0":38,"1":38,"2":38,"3":38,"4":38},"f":{},"b":{},"_coverageSchema":"1a1c01bbd47fc00a2c39e90264f33305004495a9","hash":"bdc385f660845ff04960896c4916017949d51933"}
,"D:\\Xyvin\\LMS\\backend\\models\\Event.js": {"path":"D:\\Xyvin\\LMS\\backend\\models\\Event.js","statementMap":{"0":{"start":{"line":1,"column":17},"end":{"line":1,"column":36}},"1":{"start":{"line":3,"column":22},"end":{"line":9,"column":1}},"2":{"start":{"line":11,"column":20},"end":{"line":20,"column":1}},"3":{"start":{"line":22,"column":0},"end":{"line":22,"column":54}}},"fnMap":{},"branchMap":{},"s":{"0":38,"1":38,"2":38,"3":38},"f":{},"b":{},"_coverageSchema":"1a1c01bbd47fc00a2c39e90264f33305004495a9","hash":"50eb86b2163dd5ee3c509cbe88cc0c6eed5572db"}
,"D:\\Xyvin\\LMS\\backend\\models\\Follow.js": {"path":"D:\\Xyvin\\LMS\\backend\\models\\Follow.js","statementMap":{"0":{"start":{"line":1,"column":17},"end":{"line":1,"column":36}},"1":{"start":{"line":3,"column":21},"end":{"line":19,"column":1}},"2":{"start":{"line":21,"column":0},"end":{"line":21,"column":72}},"3":{"start":{"line":23,"column":0},"end":{"line":23,"column":56}}},"fnMap":{},"branchMap":{},"s":{"0":38,"1":38,"2":38,"3":38},"f":{},"b":{},"_coverageSchema":"1a1c01bbd47fc00a2c39e90264f33305004495a9","hash":"0104237451ee48ad986c055e9fae1dfd4e4700dc"}
,"D:\\Xyvin\\LMS\\backend\\models\\Message.js": {"path":"D:\\Xyvin\\LMS\\backend\\models\\Message.js","statementMap":{"0":{"start":{"line":1,"column":17},"end":{"line":1,"column":36}},"1":{"start":{"line":3,"column":22},"end":{"line":39,"column":1}},"2":{"start":{"line":41,"column":0},"end":{"line":41,"column":57}},"3":{"start":{"line":43,"column":0},"end":{"line":43,"column":58}}},"fnMap":{},"branchMap":{},"s":{"0":38,"1":38,"2":38,"3":38},"f":{},"b":{},"_coverageSchema":"1a1c01bbd47fc00a2c39e90264f33305004495a9","hash":"94df1fca9238c824aa804cd18085c35aeeb58a44"}
,"D:\\Xyvin\\LMS\\backend\\models\\Notification.js": {"path":"D:\\Xyvin\\LMS\\backend\\models\\Notification.js","statementMap":{"0":{"start":{"line":1,"column":17},"end":{"line":1,"column":36}},"1":{"start":{"line":3,"column":27},"end":{"line":13,"column":1}},"2":{"start":{"line":15,"column":0},"end":{"line":15,"column":53}},"3":{"start":{"line":17,"column":0},"end":{"line":17,"column":68}}},"fnMap":{},"branchMap":{},"s":{"0":38,"1":38,"2":38,"3":38},"f":{},"b":{},"_coverageSchema":"1a1c01bbd47fc00a2c39e90264f33305004495a9","hash":"80467670af797cd5df567c698a4bd08725c7d8c1"}
,"D:\\Xyvin\\LMS\\backend\\models\\Otp.js": {"path":"D:\\Xyvin\\LMS\\backend\\models\\Otp.js","statementMap":{"0":{"start":{"line":1,"column":17},"end":{"line":1,"column":36}},"1":{"start":{"line":3,"column":18},"end":{"line":12,"column":1}},"2":{"start":{"line":14,"column":0},"end":{"line":14,"column":42}},"3":{"start":{"line":15,"column":0},"end":{"line":15,"column":61}},"4":{"start":{"line":17,"column":0},"end":{"line":17,"column":50}}},"fnMap":{},"branchMap":{},"s":{"0":38,"1":38,"2":38,"3":38,"4":38},"f":{},"b":{},"_coverageSchema":"1a1c01bbd47fc00a2c39e90264f33305004495a9","hash":"829e1a380cf7ba3e6c0b1a877aa64a0955bced06"}
,"D:\\Xyvin\\LMS\\backend\\models\\Payment.js": {"path":"D:\\Xyvin\\LMS\\backend\\models\\Payment.js","statementMap":{"0":{"start":{"line":1,"column":17},"end":{"line":1,"column":36}},"1":{"start":{"line":3,"column":22},"end":{"line":15,"column":1}},"2":{"start":{"line":17,"column":0},"end":{"line":17,"column":48}},"3":{"start":{"line":19,"column":0},"end":{"line":19,"column":58}}},"fnMap":{},"branchMap":{},"s":{"0":1,"1":1,"2":1,"3":1},"f":{},"b":{},"_coverageSchema":"1a1c01bbd47fc00a2c39e90264f33305004495a9","hash":"b1cb4a4c2a8e4516db184bce76e6790d03354f81"}
,"D:\\Xyvin\\LMS\\backend\\models\\Post.js": {"path":"D:\\Xyvin\\LMS\\backend\\models\\Post.js","statementMap":{"0":{"start":{"line":1,"column":17},"end":{"line":1,"column":36}},"1":{"start":{"line":3,"column":22},"end":{"line":9,"column":1}},"2":{"start":{"line":11,"column":19},"end":{"line":20,"column":1}},"3":{"start":{"line":22,"column":0},"end":{"line":22,"column":52}}},"fnMap":{},"branchMap":{},"s":{"0":38,"1":38,"2":38,"3":38},"f":{},"b":{},"_coverageSchema":"1a1c01bbd47fc00a2c39e90264f33305004495a9","hash":"93ccb310bbd747c2e023429c96da5eebaa485232"}
,"D:\\Xyvin\\LMS\\backend\\models\\Referral.js": {"path":"D:\\Xyvin\\LMS\\backend\\models\\Referral.js","statementMap":{"0":{"start":{"line":1,"column":17},"end":{"line":1,"column":36}},"1":{"start":{"line":3,"column":23},"end":{"line":11,"column":1}},"2":{"start":{"line":13,"column":0},"end":{"line":13,"column":73}},"3":{"start":{"line":15,"column":0},"end":{"line":15,"column":60}}},"fnMap":{},"branchMap":{},"s":{"0":38,"1":38,"2":38,"3":38},"f":{},"b":{},"_coverageSchema":"1a1c01bbd47fc00a2c39e90264f33305004495a9","hash":"d88f8ba55a48a52c9a3eca2705f88aa12f2cdb7d"}
,"D:\\Xyvin\\LMS\\backend\\models\\Review.js": {"path":"D:\\Xyvin\\LMS\\backend\\models\\Review.js","statementMap":{"0":{"start":{"line":1,"column":17},"end":{"line":1,"column":36}},"1":{"start":{"line":3,"column":21},"end":{"line":11,"column":1}},"2":{"start":{"line":13,"column":0},"end":{"line":13,"column":61}},"3":{"start":{"line":15,"column":0},"end":{"line":15,"column":56}}},"fnMap":{},"branchMap":{},"s":{"0":38,"1":38,"2":38,"3":38},"f":{},"b":{},"_coverageSchema":"1a1c01bbd47fc00a2c39e90264f33305004495a9","hash":"79e6d54855cdc7080161faf5e8fd0fe412945bce"}
,"D:\\Xyvin\\LMS\\backend\\models\\Ticket.js": {"path":"D:\\Xyvin\\LMS\\backend\\models\\Ticket.js","statementMap":{"0":{"start":{"line":1,"column":17},"end":{"line":1,"column":36}},"1":{"start":{"line":3,"column":20},"end":{"line":9,"column":1}},"2":{"start":{"line":11,"column":21},"end":{"line":20,"column":1}},"3":{"start":{"line":22,"column":0},"end":{"line":22,"column":47}},"4":{"start":{"line":24,"column":0},"end":{"line":24,"column":56}}},"fnMap":{},"branchMap":{},"s":{"0":38,"1":38,"2":38,"3":38,"4":38},"f":{},"b":{},"_coverageSchema":"1a1c01bbd47fc00a2c39e90264f33305004495a9","hash":"d94de10d8821d73fde5d290fd2279a7575c83b9c"}
,"D:\\Xyvin\\LMS\\backend\\models\\Token.js": {"path":"D:\\Xyvin\\LMS\\backend\\models\\Token.js","statementMap":{"0":{"start":{"line":1,"column":17},"end":{"line":1,"column":36}},"1":{"start":{"line":3,"column":20},"end":{"line":12,"column":1}},"2":{"start":{"line":14,"column":0},"end":{"line":14,"column":63}},"3":{"start":{"line":16,"column":0},"end":{"line":16,"column":54}}},"fnMap":{},"branchMap":{},"s":{"0":38,"1":38,"2":38,"3":38},"f":{},"b":{},"_coverageSchema":"1a1c01bbd47fc00a2c39e90264f33305004495a9","hash":"6e3041aab190ceec3c3ba2e6eb53b46ddbecd8e0"}
,"D:\\Xyvin\\LMS\\backend\\models\\User.js": {"path":"D:\\Xyvin\\LMS\\backend\\models\\User.js","statementMap":{"0":{"start":{"line":1,"column":17},"end":{"line":1,"column":36}},"1":{"start":{"line":2,"column":15},"end":{"line":2,"column":32}},"2":{"start":{"line":4,"column":19},"end":{"line":48,"column":1}},"3":{"start":{"line":16,"column":8},"end":{"line":16,"column":37}},"4":{"start":{"line":23,"column":8},"end":{"line":23,"column":37}},"5":{"start":{"line":50,"column":0},"end":{"line":55,"column":3}},"6":{"start":{"line":51,"column":2},"end":{"line":51,"column":68}},"7":{"start":{"line":51,"column":54},"end":{"line":51,"column":68}},"8":{"start":{"line":52,"column":15},"end":{"line":52,"column":39}},"9":{"start":{"line":53,"column":2},"end":{"line":53,"column":57}},"10":{"start":{"line":54,"column":2},"end":{"line":54,"column":9}},"11":{"start":{"line":57,"column":0},"end":{"line":60,"column":2}},"12":{"start":{"line":58,"column":2},"end":{"line":58,"column":35}},"13":{"start":{"line":58,"column":22},"end":{"line":58,"column":35}},"14":{"start":{"line":59,"column":2},"end":{"line":59,"column":56}},"15":{"start":{"line":62,"column":0},"end":{"line":62,"column":52}}},"fnMap":{"0":{"name":"requiredPassword","decl":{"start":{"line":15,"column":25},"end":{"line":15,"column":41}},"loc":{"start":{"line":15,"column":44},"end":{"line":17,"column":7}},"line":15},"1":{"name":"requiredPhone","decl":{"start":{"line":22,"column":25},"end":{"line":22,"column":38}},"loc":{"start":{"line":22,"column":41},"end":{"line":24,"column":7}},"line":22},"2":{"name":"(anonymous_2)","decl":{"start":{"line":50,"column":23},"end":{"line":50,"column":24}},"loc":{"start":{"line":50,"column":45},"end":{"line":55,"column":1}},"line":50},"3":{"name":"(anonymous_3)","decl":{"start":{"line":57,"column":35},"end":{"line":57,"column":36}},"loc":{"start":{"line":57,"column":68},"end":{"line":60,"column":1}},"line":57}},"branchMap":{"0":{"loc":{"start":{"line":51,"column":2},"end":{"line":51,"column":68}},"type":"if","locations":[{"start":{"line":51,"column":2},"end":{"line":51,"column":68}},{"start":{},"end":{}}],"line":51},"1":{"loc":{"start":{"line":51,"column":6},"end":{"line":51,"column":52}},"type":"binary-expr","locations":[{"start":{"line":51,"column":6},"end":{"line":51,"column":34}},{"start":{"line":51,"column":38},"end":{"line":51,"column":52}}],"line":51},"2":{"loc":{"start":{"line":58,"column":2},"end":{"line":58,"column":35}},"type":"if","locations":[{"start":{"line":58,"column":2},"end":{"line":58,"column":35}},{"start":{},"end":{}}],"line":58}},"s":{"0":38,"1":38,"2":38,"3":49,"4":49,"5":38,"6":49,"7":46,"8":3,"9":3,"10":3,"11":38,"12":3,"13":0,"14":3,"15":38},"f":{"0":49,"1":49,"2":49,"3":3},"b":{"0":[46,3],"1":[49,3],"2":[0,3]},"_coverageSchema":"1a1c01bbd47fc00a2c39e90264f33305004495a9","hash":"83a184b64d16efd249dd8111722a5a49bccaa1f1"}
,"D:\\Xyvin\\LMS\\backend\\routes\\adminRoutes.js": {"path":"D:\\Xyvin\\LMS\\backend\\routes\\adminRoutes.js","statementMap":{"0":{"start":{"line":1,"column":15},"end":{"line":1,"column":42}},"1":{"start":{"line":2,"column":31},"end":{"line":2,"column":71}},"2":{"start":{"line":3,"column":125},"end":{"line":3,"column":166}},"3":{"start":{"line":4,"column":41},"end":{"line":4,"column":83}},"4":{"start":{"line":7,"column":0},"end":{"line":7,"column":34}},"5":{"start":{"line":10,"column":0},"end":{"line":10,"column":40}},"6":{"start":{"line":12,"column":0},"end":{"line":12,"column":48}},"7":{"start":{"line":13,"column":0},"end":{"line":13,"column":48}},"8":{"start":{"line":14,"column":0},"end":{"line":14,"column":53}},"9":{"start":{"line":15,"column":0},"end":{"line":15,"column":41}},"10":{"start":{"line":16,"column":0},"end":{"line":16,"column":45}},"11":{"start":{"line":17,"column":0},"end":{"line":17,"column":46}},"12":{"start":{"line":18,"column":0},"end":{"line":18,"column":42}},"13":{"start":{"line":19,"column":0},"end":{"line":19,"column":31}},"14":{"start":{"line":21,"column":0},"end":{"line":21,"column":42}},"15":{"start":{"line":22,"column":0},"end":{"line":22,"column":63}},"16":{"start":{"line":24,"column":0},"end":{"line":24,"column":24}}},"fnMap":{},"branchMap":{},"s":{"0":38,"1":38,"2":38,"3":38,"4":38,"5":38,"6":38,"7":38,"8":38,"9":38,"10":38,"11":38,"12":38,"13":38,"14":38,"15":38,"16":38},"f":{},"b":{},"_coverageSchema":"1a1c01bbd47fc00a2c39e90264f33305004495a9","hash":"9b2307437fb3136f4ccc0dd080e106fcf8011dd2"}
,"D:\\Xyvin\\LMS\\backend\\routes\\authRoutes.js": {"path":"D:\\Xyvin\\LMS\\backend\\routes\\authRoutes.js","statementMap":{"0":{"start":{"line":1,"column":15},"end":{"line":1,"column":42}},"1":{"start":{"line":2,"column":50},"end":{"line":2,"column":90}},"2":{"start":{"line":3,"column":17},"end":{"line":3,"column":51}},"3":{"start":{"line":4,"column":59},"end":{"line":4,"column":102}},"4":{"start":{"line":7,"column":0},"end":{"line":7,"column":61}},"5":{"start":{"line":10,"column":0},"end":{"line":10,"column":59}},"6":{"start":{"line":11,"column":0},"end":{"line":11,"column":65}},"7":{"start":{"line":14,"column":0},"end":{"line":14,"column":33}},"8":{"start":{"line":16,"column":0},"end":{"line":16,"column":24}}},"fnMap":{},"branchMap":{},"s":{"0":38,"1":38,"2":38,"3":38,"4":38,"5":38,"6":38,"7":38,"8":38},"f":{},"b":{},"_coverageSchema":"1a1c01bbd47fc00a2c39e90264f33305004495a9","hash":"451b3a574d8d7334739f3c0d7bb1103759012acd"}
,"D:\\Xyvin\\LMS\\backend\\routes\\chatRoutes.js": {"path":"D:\\Xyvin\\LMS\\backend\\routes\\chatRoutes.js","statementMap":{"0":{"start":{"line":1,"column":15},"end":{"line":1,"column":42}},"1":{"start":{"line":2,"column":20},"end":{"line":2,"column":60}},"2":{"start":{"line":3,"column":17},"end":{"line":3,"column":51}},"3":{"start":{"line":10,"column":4},"end":{"line":10,"column":47}},"4":{"start":{"line":18,"column":4},"end":{"line":18,"column":44}},"5":{"start":{"line":20,"column":0},"end":{"line":20,"column":80}},"6":{"start":{"line":21,"column":0},"end":{"line":21,"column":86}},"7":{"start":{"line":22,"column":0},"end":{"line":22,"column":75}},"8":{"start":{"line":23,"column":0},"end":{"line":23,"column":56}},"9":{"start":{"line":24,"column":0},"end":{"line":24,"column":117}},"10":{"start":{"line":25,"column":0},"end":{"line":25,"column":99}},"11":{"start":{"line":27,"column":0},"end":{"line":27,"column":24}}},"fnMap":{},"branchMap":{},"s":{"0":38,"1":38,"2":38,"3":38,"4":38,"5":38,"6":38,"7":38,"8":38,"9":38,"10":38,"11":38},"f":{},"b":{},"_coverageSchema":"1a1c01bbd47fc00a2c39e90264f33305004495a9","hash":"4fc7378dda0bef6a5b3fe9ca4568b0a18ce786ef"}
,"D:\\Xyvin\\LMS\\backend\\routes\\communityRoutes.js": {"path":"D:\\Xyvin\\LMS\\backend\\routes\\communityRoutes.js","statementMap":{"0":{"start":{"line":1,"column":15},"end":{"line":1,"column":42}},"1":{"start":{"line":2,"column":15},"end":{"line":2,"column":32}},"2":{"start":{"line":3,"column":15},"end":{"line":3,"column":58}},"3":{"start":{"line":5,"column":20},"end":{"line":5,"column":60}},"4":{"start":{"line":6,"column":57},"end":{"line":6,"column":102}},"5":{"start":{"line":8,"column":0},"end":{"line":8,"column":31}},"6":{"start":{"line":9,"column":0},"end":{"line":9,"column":67}},"7":{"start":{"line":10,"column":0},"end":{"line":10,"column":52}},"8":{"start":{"line":11,"column":0},"end":{"line":11,"column":56}},"9":{"start":{"line":13,"column":0},"end":{"line":13,"column":24}}},"fnMap":{},"branchMap":{},"s":{"0":38,"1":38,"2":38,"3":38,"4":38,"5":38,"6":38,"7":38,"8":38,"9":38},"f":{},"b":{},"_coverageSchema":"1a1c01bbd47fc00a2c39e90264f33305004495a9","hash":"cba5d9dc263eb6a4cae5ba1191e5bd31fc9075e0"}
,"D:\\Xyvin\\LMS\\backend\\routes\\courseRoutes.js": {"path":"D:\\Xyvin\\LMS\\backend\\routes\\courseRoutes.js","statementMap":{"0":{"start":{"line":1,"column":15},"end":{"line":1,"column":42}},"1":{"start":{"line":2,"column":45},"end":{"line":2,"column":85}},"2":{"start":{"line":11,"column":4},"end":{"line":11,"column":46}},"3":{"start":{"line":16,"column":4},"end":{"line":16,"column":46}},"4":{"start":{"line":18,"column":0},"end":{"line":18,"column":42}},"5":{"start":{"line":19,"column":0},"end":{"line":19,"column":48}},"6":{"start":{"line":21,"column":0},"end":{"line":21,"column":71}},"7":{"start":{"line":22,"column":0},"end":{"line":22,"column":73}},"8":{"start":{"line":23,"column":0},"end":{"line":23,"column":65}},"9":{"start":{"line":25,"column":0},"end":{"line":25,"column":79}},"10":{"start":{"line":26,"column":0},"end":{"line":26,"column":54}},"11":{"start":{"line":29,"column":0},"end":{"line":29,"column":66}},"12":{"start":{"line":30,"column":0},"end":{"line":30,"column":76}},"13":{"start":{"line":31,"column":0},"end":{"line":31,"column":57}},"14":{"start":{"line":33,"column":0},"end":{"line":33,"column":24}}},"fnMap":{},"branchMap":{},"s":{"0":38,"1":38,"2":38,"3":38,"4":38,"5":38,"6":38,"7":38,"8":38,"9":38,"10":38,"11":38,"12":38,"13":38,"14":38},"f":{},"b":{},"_coverageSchema":"1a1c01bbd47fc00a2c39e90264f33305004495a9","hash":"f9a1667e2468b6fbe7bd287eae4db178d6a9b645"}
,"D:\\Xyvin\\LMS\\backend\\routes\\eventRoutes.js": {"path":"D:\\Xyvin\\LMS\\backend\\routes\\eventRoutes.js","statementMap":{"0":{"start":{"line":1,"column":15},"end":{"line":1,"column":42}},"1":{"start":{"line":2,"column":31},"end":{"line":2,"column":71}},"2":{"start":{"line":3,"column":46},"end":{"line":3,"column":87}},"3":{"start":{"line":4,"column":17},"end":{"line":4,"column":51}},"4":{"start":{"line":5,"column":47},"end":{"line":5,"column":91}},"5":{"start":{"line":7,"column":0},"end":{"line":7,"column":27}},"6":{"start":{"line":8,"column":0},"end":{"line":8,"column":99}},"7":{"start":{"line":9,"column":0},"end":{"line":9,"column":72}},"8":{"start":{"line":11,"column":0},"end":{"line":11,"column":24}}},"fnMap":{},"branchMap":{},"s":{"0":38,"1":38,"2":38,"3":38,"4":38,"5":38,"6":38,"7":38,"8":38},"f":{},"b":{},"_coverageSchema":"1a1c01bbd47fc00a2c39e90264f33305004495a9","hash":"ed62b06e7e90947e7c870c102a51247649eca5b4"}
,"D:\\Xyvin\\LMS\\backend\\routes\\notificationRoutes.js": {"path":"D:\\Xyvin\\LMS\\backend\\routes\\notificationRoutes.js","statementMap":{"0":{"start":{"line":1,"column":15},"end":{"line":1,"column":42}},"1":{"start":{"line":2,"column":31},"end":{"line":2,"column":71}},"2":{"start":{"line":3,"column":50},"end":{"line":3,"column":98}},"3":{"start":{"line":4,"column":17},"end":{"line":4,"column":51}},"4":{"start":{"line":5,"column":46},"end":{"line":5,"column":97}},"5":{"start":{"line":7,"column":0},"end":{"line":7,"column":20}},"6":{"start":{"line":9,"column":0},"end":{"line":9,"column":22}},"7":{"start":{"line":10,"column":0},"end":{"line":10,"column":62}},"8":{"start":{"line":11,"column":0},"end":{"line":11,"column":68}},"9":{"start":{"line":14,"column":0},"end":{"line":14,"column":51}},"10":{"start":{"line":16,"column":0},"end":{"line":16,"column":24}}},"fnMap":{},"branchMap":{},"s":{"0":38,"1":38,"2":38,"3":38,"4":38,"5":38,"6":38,"7":38,"8":38,"9":38,"10":38},"f":{},"b":{},"_coverageSchema":"1a1c01bbd47fc00a2c39e90264f33305004495a9","hash":"5b37bb42495962ba28ec93130452b47e0495f92f"}
,"D:\\Xyvin\\LMS\\backend\\routes\\partnerRoutes.js": {"path":"D:\\Xyvin\\LMS\\backend\\routes\\partnerRoutes.js","statementMap":{"0":{"start":{"line":1,"column":15},"end":{"line":1,"column":42}},"1":{"start":{"line":2,"column":40},"end":{"line":2,"column":80}},"2":{"start":{"line":3,"column":15},"end":{"line":3,"column":43}},"3":{"start":{"line":6,"column":0},"end":{"line":14,"column":3}},"4":{"start":{"line":7,"column":2},"end":{"line":13,"column":27}},"5":{"start":{"line":16,"column":0},"end":{"line":16,"column":24}}},"fnMap":{"0":{"name":"(anonymous_0)","decl":{"start":{"line":6,"column":66},"end":{"line":6,"column":67}},"loc":{"start":{"line":6,"column":80},"end":{"line":14,"column":1}},"line":6}},"branchMap":{},"s":{"0":38,"1":38,"2":38,"3":38,"4":0,"5":38},"f":{"0":0},"b":{},"_coverageSchema":"1a1c01bbd47fc00a2c39e90264f33305004495a9","hash":"a91b2be67f48ac4119a7b3d8fa79546860ff882c"}
,"D:\\Xyvin\\LMS\\backend\\routes\\referralRoutes.js": {"path":"D:\\Xyvin\\LMS\\backend\\routes\\referralRoutes.js","statementMap":{"0":{"start":{"line":1,"column":15},"end":{"line":1,"column":42}},"1":{"start":{"line":2,"column":31},"end":{"line":2,"column":71}},"2":{"start":{"line":3,"column":17},"end":{"line":3,"column":51}},"3":{"start":{"line":9,"column":4},"end":{"line":9,"column":51}},"4":{"start":{"line":15,"column":4},"end":{"line":15,"column":48}},"5":{"start":{"line":17,"column":0},"end":{"line":17,"column":79}},"6":{"start":{"line":18,"column":0},"end":{"line":18,"column":82}},"7":{"start":{"line":19,"column":0},"end":{"line":19,"column":77}},"8":{"start":{"line":21,"column":0},"end":{"line":21,"column":100}},"9":{"start":{"line":23,"column":0},"end":{"line":23,"column":24}}},"fnMap":{},"branchMap":{},"s":{"0":38,"1":38,"2":38,"3":38,"4":38,"5":38,"6":38,"7":38,"8":38,"9":38},"f":{},"b":{},"_coverageSchema":"1a1c01bbd47fc00a2c39e90264f33305004495a9","hash":"0993e464ffb3ae03fa53f6105e92a4dbaa72d85d"}
,"D:\\Xyvin\\LMS\\backend\\routes\\rewardRoutes.js": {"path":"D:\\Xyvin\\LMS\\backend\\routes\\rewardRoutes.js","statementMap":{"0":{"start":{"line":1,"column":15},"end":{"line":1,"column":42}},"1":{"start":{"line":2,"column":20},"end":{"line":2,"column":60}},"2":{"start":{"line":3,"column":38},"end":{"line":3,"column":80}},"3":{"start":{"line":4,"column":17},"end":{"line":4,"column":51}},"4":{"start":{"line":5,"column":31},"end":{"line":5,"column":76}},"5":{"start":{"line":7,"column":0},"end":{"line":7,"column":36}},"6":{"start":{"line":8,"column":0},"end":{"line":8,"column":70}},"7":{"start":{"line":9,"column":0},"end":{"line":9,"column":40}},"8":{"start":{"line":11,"column":0},"end":{"line":11,"column":24}}},"fnMap":{},"branchMap":{},"s":{"0":38,"1":38,"2":38,"3":38,"4":38,"5":38,"6":38,"7":38,"8":38},"f":{},"b":{},"_coverageSchema":"1a1c01bbd47fc00a2c39e90264f33305004495a9","hash":"0165aa0331a611c9961ee5a0ced0f294f3eb1cf8"}
,"D:\\Xyvin\\LMS\\backend\\routes\\supportRoutes.js": {"path":"D:\\Xyvin\\LMS\\backend\\routes\\supportRoutes.js","statementMap":{"0":{"start":{"line":1,"column":15},"end":{"line":1,"column":42}},"1":{"start":{"line":2,"column":20},"end":{"line":2,"column":60}},"2":{"start":{"line":3,"column":57},"end":{"line":3,"column":99}},"3":{"start":{"line":5,"column":0},"end":{"line":5,"column":20}},"4":{"start":{"line":7,"column":0},"end":{"line":7,"column":38}},"5":{"start":{"line":8,"column":0},"end":{"line":8,"column":34}},"6":{"start":{"line":9,"column":0},"end":{"line":9,"column":38}},"7":{"start":{"line":10,"column":0},"end":{"line":10,"column":46}},"8":{"start":{"line":12,"column":0},"end":{"line":12,"column":24}}},"fnMap":{},"branchMap":{},"s":{"0":38,"1":38,"2":38,"3":38,"4":38,"5":38,"6":38,"7":38,"8":38},"f":{},"b":{},"_coverageSchema":"1a1c01bbd47fc00a2c39e90264f33305004495a9","hash":"d668d0bdd948f0abfd2c6bb9825921b0617055e5"}
,"D:\\Xyvin\\LMS\\backend\\routes\\userRoutes.js": {"path":"D:\\Xyvin\\LMS\\backend\\routes\\userRoutes.js","statementMap":{"0":{"start":{"line":1,"column":15},"end":{"line":1,"column":42}},"1":{"start":{"line":2,"column":20},"end":{"line":2,"column":60}},"2":{"start":{"line":3,"column":164},"end":{"line":3,"column":204}},"3":{"start":{"line":5,"column":0},"end":{"line":5,"column":44}},"4":{"start":{"line":6,"column":0},"end":{"line":6,"column":49}},"5":{"start":{"line":7,"column":0},"end":{"line":7,"column":48}},"6":{"start":{"line":8,"column":0},"end":{"line":8,"column":56}},"7":{"start":{"line":9,"column":0},"end":{"line":9,"column":48}},"8":{"start":{"line":12,"column":0},"end":{"line":12,"column":33}},"9":{"start":{"line":13,"column":0},"end":{"line":13,"column":41}},"10":{"start":{"line":16,"column":0},"end":{"line":16,"column":48}},"11":{"start":{"line":17,"column":0},"end":{"line":17,"column":52}},"12":{"start":{"line":18,"column":0},"end":{"line":18,"column":44}},"13":{"start":{"line":19,"column":0},"end":{"line":19,"column":44}},"14":{"start":{"line":21,"column":0},"end":{"line":21,"column":24}}},"fnMap":{},"branchMap":{},"s":{"0":38,"1":38,"2":38,"3":38,"4":38,"5":38,"6":38,"7":38,"8":38,"9":38,"10":38,"11":38,"12":38,"13":38,"14":38},"f":{},"b":{},"_coverageSchema":"1a1c01bbd47fc00a2c39e90264f33305004495a9","hash":"634259f5e201d2ed53a926c564ed4eb165098bdc"}
,"D:\\Xyvin\\LMS\\backend\\routes\\admin\\subscriptionAdminRoutes.js": {"path":"D:\\Xyvin\\LMS\\backend\\routes\\admin\\subscriptionAdminRoutes.js","statementMap":{"0":{"start":{"line":1,"column":15},"end":{"line":1,"column":42}},"1":{"start":{"line":2,"column":31},"end":{"line":2,"column":74}},"2":{"start":{"line":3,"column":67},"end":{"line":3,"column":128}},"3":{"start":{"line":4,"column":17},"end":{"line":4,"column":54}},"4":{"start":{"line":5,"column":58},"end":{"line":5,"column":117}},"5":{"start":{"line":7,"column":0},"end":{"line":7,"column":40}},"6":{"start":{"line":9,"column":0},"end":{"line":9,"column":75}},"7":{"start":{"line":10,"column":0},"end":{"line":10,"column":65}},"8":{"start":{"line":11,"column":0},"end":{"line":11,"column":103}},"9":{"start":{"line":13,"column":0},"end":{"line":13,"column":24}}},"fnMap":{},"branchMap":{},"s":{"0":38,"1":38,"2":38,"3":38,"4":38,"5":38,"6":38,"7":38,"8":38,"9":38},"f":{},"b":{},"_coverageSchema":"1a1c01bbd47fc00a2c39e90264f33305004495a9","hash":"d8587daeefcf60cd834ec69f588122248732da8e"}
,"D:\\Xyvin\\LMS\\backend\\src\\validators\\adminSubscriptionValidators.js": {"path":"D:\\Xyvin\\LMS\\backend\\src\\validators\\adminSubscriptionValidators.js","statementMap":{"0":{"start":{"line":1,"column":14},"end":{"line":1,"column":28}},"1":{"start":{"line":3,"column":24},"end":{"line":10,"column":2}},"2":{"start":{"line":12,"column":37},"end":{"line":23,"column":2}},"3":{"start":{"line":20,"column":22},"end":{"line":20,"column":105}},"4":{"start":{"line":25,"column":0},"end":{"line":25,"column":67}}},"fnMap":{"0":{"name":"(anonymous_0)","decl":{"start":{"line":20,"column":12},"end":{"line":20,"column":13}},"loc":{"start":{"line":20,"column":22},"end":{"line":20,"column":105}},"line":20}},"branchMap":{"0":{"loc":{"start":{"line":20,"column":22},"end":{"line":20,"column":105}},"type":"binary-expr","locations":[{"start":{"line":20,"column":22},"end":{"line":20,"column":31}},{"start":{"line":20,"column":35},"end":{"line":20,"column":46}},{"start":{"line":20,"column":50},"end":{"line":20,"column":105}}],"line":20}},"s":{"0":38,"1":38,"2":38,"3":4,"4":38},"f":{"0":4},"b":{"0":[4,1,1]},"_coverageSchema":"1a1c01bbd47fc00a2c39e90264f33305004495a9","hash":"352b14d09ec79fc929efe7560b60b870edb967ed"}
,"D:\\Xyvin\\LMS\\backend\\src\\validators\\authValidators.js": {"path":"D:\\Xyvin\\LMS\\backend\\src\\validators\\authValidators.js","statementMap":{"0":{"start":{"line":1,"column":14},"end":{"line":1,"column":28}},"1":{"start":{"line":3,"column":23},"end":{"line":11,"column":2}},"2":{"start":{"line":13,"column":22},"end":{"line":17,"column":2}},"3":{"start":{"line":19,"column":24},"end":{"line":24,"column":2}},"4":{"start":{"line":26,"column":0},"end":{"line":30,"column":2}}},"fnMap":{},"branchMap":{},"s":{"0":38,"1":38,"2":38,"3":38,"4":38},"f":{},"b":{},"_coverageSchema":"1a1c01bbd47fc00a2c39e90264f33305004495a9","hash":"a97717e15e1226bd2605e2f45b1c08cf8af69034"}
,"D:\\Xyvin\\LMS\\backend\\src\\validators\\chatValidators.js": {"path":"D:\\Xyvin\\LMS\\backend\\src\\validators\\chatValidators.js","statementMap":{"0":{"start":{"line":1,"column":14},"end":{"line":1,"column":28}},"1":{"start":{"line":3,"column":22},"end":{"line":3,"column":41}},"2":{"start":{"line":5,"column":23},"end":{"line":8,"column":43}},"3":{"start":{"line":10,"column":24},"end":{"line":25,"column":2}},"4":{"start":{"line":14,"column":23},"end":{"line":14,"column":48}},"5":{"start":{"line":15,"column":19},"end":{"line":15,"column":60}},"6":{"start":{"line":21,"column":23},"end":{"line":21,"column":49}},"7":{"start":{"line":22,"column":19},"end":{"line":22,"column":80}},"8":{"start":{"line":27,"column":25},"end":{"line":31,"column":2}},"9":{"start":{"line":33,"column":27},"end":{"line":37,"column":2}},"10":{"start":{"line":39,"column":26},"end":{"line":45,"column":2}},"11":{"start":{"line":47,"column":38},"end":{"line":52,"column":2}},"12":{"start":{"line":54,"column":30},"end":{"line":58,"column":2}},"13":{"start":{"line":60,"column":0},"end":{"line":66,"column":2}}},"fnMap":{"0":{"name":"(anonymous_0)","decl":{"start":{"line":14,"column":15},"end":{"line":14,"column":16}},"loc":{"start":{"line":14,"column":23},"end":{"line":14,"column":48}},"line":14},"1":{"name":"(anonymous_1)","decl":{"start":{"line":15,"column":12},"end":{"line":15,"column":13}},"loc":{"start":{"line":15,"column":19},"end":{"line":15,"column":60}},"line":15},"2":{"name":"(anonymous_2)","decl":{"start":{"line":21,"column":15},"end":{"line":21,"column":16}},"loc":{"start":{"line":21,"column":23},"end":{"line":21,"column":49}},"line":21},"3":{"name":"(anonymous_3)","decl":{"start":{"line":22,"column":12},"end":{"line":22,"column":13}},"loc":{"start":{"line":22,"column":19},"end":{"line":22,"column":80}},"line":22}},"branchMap":{"0":{"loc":{"start":{"line":14,"column":23},"end":{"line":14,"column":48}},"type":"cond-expr","locations":[{"start":{"line":14,"column":41},"end":{"line":14,"column":44}},{"start":{"line":14,"column":47},"end":{"line":14,"column":48}}],"line":14},"1":{"loc":{"start":{"line":15,"column":19},"end":{"line":15,"column":60}},"type":"binary-expr","locations":[{"start":{"line":15,"column":19},"end":{"line":15,"column":43}},{"start":{"line":15,"column":47},"end":{"line":15,"column":60}}],"line":15},"2":{"loc":{"start":{"line":21,"column":23},"end":{"line":21,"column":49}},"type":"cond-expr","locations":[{"start":{"line":21,"column":41},"end":{"line":21,"column":45}},{"start":{"line":21,"column":48},"end":{"line":21,"column":49}}],"line":21},"3":{"loc":{"start":{"line":22,"column":19},"end":{"line":22,"column":80}},"type":"binary-expr","locations":[{"start":{"line":22,"column":19},"end":{"line":22,"column":43}},{"start":{"line":22,"column":47},"end":{"line":22,"column":60}},{"start":{"line":22,"column":64},"end":{"line":22,"column":80}}],"line":22}},"s":{"0":38,"1":38,"2":38,"3":38,"4":3,"5":3,"6":3,"7":3,"8":38,"9":38,"10":38,"11":38,"12":38,"13":38},"f":{"0":3,"1":3,"2":3,"3":3},"b":{"0":[2,1],"1":[3,3],"2":[2,1],"3":[3,3,3]},"_coverageSchema":"1a1c01bbd47fc00a2c39e90264f33305004495a9","hash":"7ba6fd9b8fda0b5bca2633b6c83782fa5d60f813"}
,"D:\\Xyvin\\LMS\\backend\\src\\validators\\eventValidators.js": {"path":"D:\\Xyvin\\LMS\\backend\\src\\validators\\eventValidators.js","statementMap":{"0":{"start":{"line":1,"column":14},"end":{"line":1,"column":28}},"1":{"start":{"line":5,"column":18},"end":{"line":14,"column":2}},"2":{"start":{"line":16,"column":26},"end":{"line":18,"column":2}},"3":{"start":{"line":20,"column":24},"end":{"line":24,"column":2}},"4":{"start":{"line":26,"column":0},"end":{"line":29,"column":2}}},"fnMap":{},"branchMap":{},"s":{"0":38,"1":38,"2":38,"3":38,"4":38},"f":{},"b":{},"_coverageSchema":"1a1c01bbd47fc00a2c39e90264f33305004495a9","hash":"c207210d5c76cbda8409f6f41f6d89a68882c469"}
,"D:\\Xyvin\\LMS\\backend\\src\\validators\\notificationValidators.js": {"path":"D:\\Xyvin\\LMS\\backend\\src\\validators\\notificationValidators.js","statementMap":{"0":{"start":{"line":1,"column":14},"end":{"line":1,"column":28}},"1":{"start":{"line":3,"column":23},"end":{"line":7,"column":2}},"2":{"start":{"line":9,"column":26},"end":{"line":11,"column":2}},"3":{"start":{"line":13,"column":0},"end":{"line":16,"column":2}}},"fnMap":{},"branchMap":{},"s":{"0":38,"1":38,"2":38,"3":38},"f":{},"b":{},"_coverageSchema":"1a1c01bbd47fc00a2c39e90264f33305004495a9","hash":"5447fdfa8cdcabc9cd420c4a896f2d409690d495"}
,"D:\\Xyvin\\LMS\\backend\\src\\validators\\referralValidators.js": {"path":"D:\\Xyvin\\LMS\\backend\\src\\validators\\referralValidators.js","statementMap":{"0":{"start":{"line":1,"column":14},"end":{"line":1,"column":28}},"1":{"start":{"line":3,"column":28},"end":{"line":3,"column":54}},"2":{"start":{"line":5,"column":30},"end":{"line":9,"column":2}},"3":{"start":{"line":11,"column":31},"end":{"line":11,"column":52}},"4":{"start":{"line":13,"column":28},"end":{"line":22,"column":2}},"5":{"start":{"line":24,"column":26},"end":{"line":30,"column":2}},"6":{"start":{"line":32,"column":0},"end":{"line":37,"column":2}}},"fnMap":{},"branchMap":{},"s":{"0":38,"1":38,"2":38,"3":38,"4":38,"5":38,"6":38},"f":{},"b":{},"_coverageSchema":"1a1c01bbd47fc00a2c39e90264f33305004495a9","hash":"c16f813dc1537e28d363f1ddd887d152dbb0c4ad"}
,"D:\\Xyvin\\LMS\\backend\\src\\validators\\rewardValidators.js": {"path":"D:\\Xyvin\\LMS\\backend\\src\\validators\\rewardValidators.js","statementMap":{"0":{"start":{"line":1,"column":14},"end":{"line":1,"column":28}},"1":{"start":{"line":3,"column":27},"end":{"line":7,"column":2}},"2":{"start":{"line":9,"column":0},"end":{"line":11,"column":2}}},"fnMap":{},"branchMap":{},"s":{"0":38,"1":38,"2":38},"f":{},"b":{},"_coverageSchema":"1a1c01bbd47fc00a2c39e90264f33305004495a9","hash":"66bba866546c34e7a229b9ef21b4ca927c252228"}
}
