TN:
SF:models\AuditLog.js
FNF:0
FNH:0
DA:1,38
DA:3,38
DA:14,38
DA:16,38
LF:4
LH:4
BRF:0
BRH:0
end_of_record
TN:
SF:models\Conversation.js
FN:14,(anonymous_0)
FNF:1
FNH:1
FNDA:19,(anonymous_0)
DA:1,38
DA:3,38
DA:15,19
DA:28,38
DA:30,38
LF:5
LH:5
BRDA:15,0,0,19
BRDA:15,0,1,19
BRF:2
BRH:2
end_of_record
TN:
SF:models\Course.js
FNF:0
FNH:0
DA:1,38
DA:3,38
DA:13,38
DA:22,38
DA:35,38
LF:5
LH:5
BRF:0
BRH:0
end_of_record
TN:
SF:models\Event.js
FNF:0
FNH:0
DA:1,38
DA:3,38
DA:11,38
DA:22,38
LF:4
LH:4
BRF:0
BRH:0
end_of_record
TN:
SF:models\Follow.js
FNF:0
FNH:0
DA:1,38
DA:3,38
DA:21,38
DA:23,38
LF:4
LH:4
BRF:0
BRH:0
end_of_record
TN:
SF:models\Message.js
FNF:0
FNH:0
DA:1,38
DA:3,38
DA:41,38
DA:43,38
LF:4
LH:4
BRF:0
BRH:0
end_of_record
TN:
SF:models\Notification.js
FNF:0
FNH:0
DA:1,38
DA:3,38
DA:15,38
DA:17,38
LF:4
LH:4
BRF:0
BRH:0
end_of_record
TN:
SF:models\Otp.js
FNF:0
FNH:0
DA:1,38
DA:3,38
DA:14,38
DA:15,38
DA:17,38
LF:5
LH:5
BRF:0
BRH:0
end_of_record
TN:
SF:models\Payment.js
FNF:0
FNH:0
DA:1,1
DA:3,1
DA:17,1
DA:19,1
LF:4
LH:4
BRF:0
BRH:0
end_of_record
TN:
SF:models\Post.js
FNF:0
FNH:0
DA:1,38
DA:3,38
DA:11,38
DA:22,38
LF:4
LH:4
BRF:0
BRH:0
end_of_record
TN:
SF:models\Referral.js
FNF:0
FNH:0
DA:1,38
DA:3,38
DA:13,38
DA:15,38
LF:4
LH:4
BRF:0
BRH:0
end_of_record
TN:
SF:models\Review.js
FNF:0
FNH:0
DA:1,38
DA:3,38
DA:13,38
DA:15,38
LF:4
LH:4
BRF:0
BRH:0
end_of_record
TN:
SF:models\Ticket.js
FNF:0
FNH:0
DA:1,38
DA:3,38
DA:11,38
DA:22,38
DA:24,38
LF:5
LH:5
BRF:0
BRH:0
end_of_record
TN:
SF:models\Token.js
FNF:0
FNH:0
DA:1,38
DA:3,38
DA:14,38
DA:16,38
LF:4
LH:4
BRF:0
BRH:0
end_of_record
TN:
SF:models\User.js
FN:15,requiredPassword
FN:22,requiredPhone
FN:50,(anonymous_2)
FN:57,(anonymous_3)
FNF:4
FNH:4
FNDA:49,requiredPassword
FNDA:49,requiredPhone
FNDA:49,(anonymous_2)
FNDA:3,(anonymous_3)
DA:1,38
DA:2,38
DA:4,38
DA:16,49
DA:23,49
DA:50,38
DA:51,49
DA:52,3
DA:53,3
DA:54,3
DA:57,38
DA:58,3
DA:59,3
DA:62,38
LF:14
LH:14
BRDA:51,0,0,46
BRDA:51,0,1,3
BRDA:51,1,0,49
BRDA:51,1,1,3
BRDA:58,2,0,0
BRDA:58,2,1,3
BRF:6
BRH:5
end_of_record
TN:
SF:routes\adminRoutes.js
FNF:0
FNH:0
DA:1,38
DA:2,38
DA:3,38
DA:4,38
DA:7,38
DA:10,38
DA:12,38
DA:13,38
DA:14,38
DA:15,38
DA:16,38
DA:17,38
DA:18,38
DA:19,38
DA:21,38
DA:22,38
DA:24,38
LF:17
LH:17
BRF:0
BRH:0
end_of_record
TN:
SF:routes\authRoutes.js
FNF:0
FNH:0
DA:1,38
DA:2,38
DA:3,38
DA:4,38
DA:7,38
DA:10,38
DA:11,38
DA:14,38
DA:16,38
LF:9
LH:9
BRF:0
BRH:0
end_of_record
TN:
SF:routes\chatRoutes.js
FNF:0
FNH:0
DA:1,38
DA:2,38
DA:3,38
DA:10,38
DA:18,38
DA:20,38
DA:21,38
DA:22,38
DA:23,38
DA:24,38
DA:25,38
DA:27,38
LF:12
LH:12
BRF:0
BRH:0
end_of_record
TN:
SF:routes\communityRoutes.js
FNF:0
FNH:0
DA:1,38
DA:2,38
DA:3,38
DA:5,38
DA:6,38
DA:8,38
DA:9,38
DA:10,38
DA:11,38
DA:13,38
LF:10
LH:10
BRF:0
BRH:0
end_of_record
TN:
SF:routes\courseRoutes.js
FNF:0
FNH:0
DA:1,38
DA:2,38
DA:11,38
DA:16,38
DA:18,38
DA:19,38
DA:21,38
DA:22,38
DA:23,38
DA:25,38
DA:26,38
DA:29,38
DA:30,38
DA:31,38
DA:33,38
LF:15
LH:15
BRF:0
BRH:0
end_of_record
TN:
SF:routes\eventRoutes.js
FNF:0
FNH:0
DA:1,38
DA:2,38
DA:3,38
DA:4,38
DA:5,38
DA:7,38
DA:8,38
DA:9,38
DA:11,38
LF:9
LH:9
BRF:0
BRH:0
end_of_record
TN:
SF:routes\notificationRoutes.js
FNF:0
FNH:0
DA:1,38
DA:2,38
DA:3,38
DA:4,38
DA:5,38
DA:7,38
DA:9,38
DA:10,38
DA:11,38
DA:14,38
DA:16,38
LF:11
LH:11
BRF:0
BRH:0
end_of_record
TN:
SF:routes\partnerRoutes.js
FN:6,(anonymous_0)
FNF:1
FNH:0
FNDA:0,(anonymous_0)
DA:1,38
DA:2,38
DA:3,38
DA:6,38
DA:7,0
DA:16,38
LF:6
LH:5
BRF:0
BRH:0
end_of_record
TN:
SF:routes\referralRoutes.js
FNF:0
FNH:0
DA:1,38
DA:2,38
DA:3,38
DA:9,38
DA:15,38
DA:17,38
DA:18,38
DA:19,38
DA:21,38
DA:23,38
LF:10
LH:10
BRF:0
BRH:0
end_of_record
TN:
SF:routes\rewardRoutes.js
FNF:0
FNH:0
DA:1,38
DA:2,38
DA:3,38
DA:4,38
DA:5,38
DA:7,38
DA:8,38
DA:9,38
DA:11,38
LF:9
LH:9
BRF:0
BRH:0
end_of_record
TN:
SF:routes\supportRoutes.js
FNF:0
FNH:0
DA:1,38
DA:2,38
DA:3,38
DA:5,38
DA:7,38
DA:8,38
DA:9,38
DA:10,38
DA:12,38
LF:9
LH:9
BRF:0
BRH:0
end_of_record
TN:
SF:routes\userRoutes.js
FNF:0
FNH:0
DA:1,38
DA:2,38
DA:3,38
DA:5,38
DA:6,38
DA:7,38
DA:8,38
DA:9,38
DA:12,38
DA:13,38
DA:16,38
DA:17,38
DA:18,38
DA:19,38
DA:21,38
LF:15
LH:15
BRF:0
BRH:0
end_of_record
TN:
SF:routes\admin\subscriptionAdminRoutes.js
FNF:0
FNH:0
DA:1,38
DA:2,38
DA:3,38
DA:4,38
DA:5,38
DA:7,38
DA:9,38
DA:10,38
DA:11,38
DA:13,38
LF:10
LH:10
BRF:0
BRH:0
end_of_record
TN:
SF:src\validators\adminSubscriptionValidators.js
FN:20,(anonymous_0)
FNF:1
FNH:1
FNDA:4,(anonymous_0)
DA:1,38
DA:3,38
DA:12,38
DA:20,4
DA:25,38
LF:5
LH:5
BRDA:20,0,0,4
BRDA:20,0,1,1
BRDA:20,0,2,1
BRF:3
BRH:3
end_of_record
TN:
SF:src\validators\authValidators.js
FNF:0
FNH:0
DA:1,38
DA:3,38
DA:13,38
DA:19,38
DA:26,38
LF:5
LH:5
BRF:0
BRH:0
end_of_record
TN:
SF:src\validators\chatValidators.js
FN:14,(anonymous_0)
FN:15,(anonymous_1)
FN:21,(anonymous_2)
FN:22,(anonymous_3)
FNF:4
FNH:4
FNDA:3,(anonymous_0)
FNDA:3,(anonymous_1)
FNDA:3,(anonymous_2)
FNDA:3,(anonymous_3)
DA:1,38
DA:3,38
DA:5,38
DA:10,38
DA:14,3
DA:15,3
DA:21,3
DA:22,3
DA:27,38
DA:33,38
DA:39,38
DA:47,38
DA:54,38
DA:60,38
LF:14
LH:14
BRDA:14,0,0,2
BRDA:14,0,1,1
BRDA:15,1,0,3
BRDA:15,1,1,3
BRDA:21,2,0,2
BRDA:21,2,1,1
BRDA:22,3,0,3
BRDA:22,3,1,3
BRDA:22,3,2,3
BRF:9
BRH:9
end_of_record
TN:
SF:src\validators\eventValidators.js
FNF:0
FNH:0
DA:1,38
DA:5,38
DA:16,38
DA:20,38
DA:26,38
LF:5
LH:5
BRF:0
BRH:0
end_of_record
TN:
SF:src\validators\notificationValidators.js
FNF:0
FNH:0
DA:1,38
DA:3,38
DA:9,38
DA:13,38
LF:4
LH:4
BRF:0
BRH:0
end_of_record
TN:
SF:src\validators\referralValidators.js
FNF:0
FNH:0
DA:1,38
DA:3,38
DA:5,38
DA:11,38
DA:13,38
DA:24,38
DA:32,38
LF:7
LH:7
BRF:0
BRH:0
end_of_record
TN:
SF:src\validators\rewardValidators.js
FNF:0
FNH:0
DA:1,38
DA:3,38
DA:9,38
LF:3
LH:3
BRF:0
BRH:0
end_of_record
